[info] Loading project definition from C:\Users\aualave\IdeaProjects\bookwitz\project
[debug] 
[debug] Initial source changes: 
[debug] 	removed:Set()
[debug] 	added: Set()
[debug] 	modified: Set()
[debug] Removed products: Set()
[debug] External API changes: API Changes: Set()
[debug] Modified binary dependencies: Set()
[debug] Initial directly invalidated sources: Set()
[debug] 
[debug] Sources indirectly invalidated by:
[debug] 	product: Set()
[debug] 	binary dep: Set()
[debug] 	external source: Set()
[debug] All initially invalidated sources: Set()
[debug] Copy resource mappings: 
[debug] 	
[info] Set current project to bookwitz (in build file:/C:/Users/aualave/IdeaProjects/bookwitz/)
[info] Wrote C:\Users\aualave\IdeaProjects\bookwitz\modules\users\target\scala-2.11\users_2.11-0.0.1.pom
[info] Wrote C:\Users\aualave\IdeaProjects\bookwitz\modules\books\target\scala-2.11\books_2.11-0.0.1.pom
[info] Wrote C:\Users\aualave\IdeaProjects\bookwitz\modules\web\target\scala-2.11\web_2.11-0.0.1.pom
[info] Wrote C:\Users\aualave\IdeaProjects\bookwitz\target\scala-2.11\bookwitz_2.11-0.0.1.pom
[info] Main Scala API documentation to C:\Users\aualave\IdeaProjects\bookwitz\modules\web\target\scala-2.11\api...
[info] Main Scala API documentation to C:\Users\aualave\IdeaProjects\bookwitz\target\scala-2.11\api...
[info] Compiling 1 Scala source to C:\Users\aualave\IdeaProjects\bookwitz\target\scala-2.11\classes...
model contains 28 documentable templates
model contains 29 documentable templates
[info] Packaging C:\Users\aualave\IdeaProjects\bookwitz\target\scala-2.11\bookwitz_2.11-0.0.1.jar ...
[info] Main Scala API documentation successful.
[info] Packaging C:\Users\aualave\IdeaProjects\bookwitz\modules\web\target\scala-2.11\web_2.11-0.0.1-javadoc.jar ...
[info] Main Scala API documentation successful.
[info] Packaging C:\Users\aualave\IdeaProjects\bookwitz\target\scala-2.11\bookwitz_2.11-0.0.1-javadoc.jar ...
[info] Done packaging.
[info] Done packaging.
[info] Packaging C:\Users\aualave\IdeaProjects\bookwitz\target\bookwitz-0.0.1-assets.jar ...
[info] Done packaging.
[info] Done packaging.
[success] Total time: 101 s, completed 03/08/2016 2:32:40 PM
[info] ---> Packaging application...
[info] ---> Packaging application...
[info] ---> Packaging application...
[info] ---> Packaging application...
[info]      - app: enigmatic-inlet-33873
[info] Open app More 
[info]      - app: 
[info]      - app: 
[info]      - app: 
java.io.IOException: Cannot run program "heroku": CreateProcess error=2, The system cannot find the file specified
	at java.lang.ProcessBuilder.start(ProcessBuilder.java:1048)
	at sbt.SimpleProcessBuilder.run(ProcessImpl.scala:388)
	at sbt.AbstractProcessBuilder.$bang(ProcessImpl.scala:172)
	at sbt.AbstractProcessBuilder.getString(ProcessImpl.scala:145)
	at sbt.AbstractProcessBuilder.$bang$bang(ProcessImpl.scala:148)
	at com.heroku.sbt.Deploy$.getApiKey(Deploy.scala:228)
	at com.heroku.sbt.Deploy$.apply(Deploy.scala:85)
	at com.heroku.sbt.DeployBuilder.deploy(Deploy.scala:49)
	at com.heroku.sbt.HerokuPlugin$autoImport$$anonfun$baseHerokuSettings$1.apply(HerokuPlugin.scala:33)
	at com.heroku.sbt.HerokuPlugin$autoImport$$anonfun$baseHerokuSettings$1.apply(HerokuPlugin.scala:19)
	at scala.Function1$$anonfun$compose$1.apply(Function1.scala:47)
	at sbt.$tilde$greater$$anonfun$$u2219$1.apply(TypeFunctions.scala:42)
	at sbt.std.Transform$$anon$4.work(System.scala:64)
	at sbt.Execute$$anonfun$submit$1$$anonfun$apply$1.apply(Execute.scala:237)
	at sbt.Execute$$anonfun$submit$1$$anonfun$apply$1.apply(Execute.scala:237)
	at sbt.ErrorHandling$.wideConvert(ErrorHandling.scala:18)
	at sbt.Execute.work(Execute.scala:244)
	at sbt.Execute$$anonfun$submit$1.apply(Execute.scala:237)
	at sbt.Execute$$anonfun$submit$1.apply(Execute.scala:237)
	at sbt.ConcurrentRestrictions$$anon$4$$anonfun$1.apply(ConcurrentRestrictions.scala:160)
	at sbt.CompletionService$$anon$2.call(CompletionService.scala:30)
	at java.util.concurrent.FutureTask.run(FutureTask.java:266)
	at java.util.concurrent.Executors$RunnableAdapter.call(Executors.java:511)
	at java.util.concurrent.FutureTask.run(FutureTask.java:266)
	at java.util.concurrent.ThreadPoolExecutor.runWorker(ThreadPoolExecutor.java:1142)
	at java.util.concurrent.ThreadPoolExecutor$Worker.run(ThreadPoolExecutor.java:617)
	at java.lang.Thread.run(Thread.java:745)
Caused by: java.io.IOException: CreateProcess error=2, The system cannot find the file specified
	at java.lang.ProcessImpl.create(Native Method)
	at java.lang.ProcessImpl.<init>(ProcessImpl.java:386)
	at java.lang.ProcessImpl.start(ProcessImpl.java:137)
	at java.lang.ProcessBuilder.start(ProcessBuilder.java:1029)
	at sbt.SimpleProcessBuilder.run(ProcessImpl.scala:388)
	at sbt.AbstractProcessBuilder.$bang(ProcessImpl.scala:172)
	at sbt.AbstractProcessBuilder.getString(ProcessImpl.scala:145)
	at sbt.AbstractProcessBuilder.$bang$bang(ProcessImpl.scala:148)
	at com.heroku.sbt.Deploy$.getApiKey(Deploy.scala:228)
	at com.heroku.sbt.Deploy$.apply(Deploy.scala:85)
	at com.heroku.sbt.DeployBuilder.deploy(Deploy.scala:49)
	at com.heroku.sbt.HerokuPlugin$autoImport$$anonfun$baseHerokuSettings$1.apply(HerokuPlugin.scala:33)
	at com.heroku.sbt.HerokuPlugin$autoImport$$anonfun$baseHerokuSettings$1.apply(HerokuPlugin.scala:19)
	at scala.Function1$$anonfun$compose$1.apply(Function1.scala:47)
	at sbt.$tilde$greater$$anonfun$$u2219$1.apply(TypeFunctions.scala:42)
	at sbt.std.Transform$$anon$4.work(System.scala:64)
	at sbt.Execute$$anonfun$submit$1$$anonfun$apply$1.apply(Execute.scala:237)
	at sbt.Execute$$anonfun$submit$1$$anonfun$apply$1.apply(Execute.scala:237)
	at sbt.ErrorHandling$.wideConvert(ErrorHandling.scala:18)
	at sbt.Execute.work(Execute.scala:244)
	at sbt.Execute$$anonfun$submit$1.apply(Execute.scala:237)
	at sbt.Execute$$anonfun$submit$1.apply(Execute.scala:237)
	at sbt.ConcurrentRestrictions$$anon$4$$anonfun$1.apply(ConcurrentRestrictions.scala:160)
	at sbt.CompletionService$$anon$2.call(CompletionService.scala:30)
	at java.util.concurrent.FutureTask.run(FutureTask.java:266)
	at java.util.concurrent.Executors$RunnableAdapter.call(Executors.java:511)
	at java.util.concurrent.FutureTask.run(FutureTask.java:266)
	at java.util.concurrent.ThreadPoolExecutor.runWorker(ThreadPoolExecutor.java:1142)
	at java.util.concurrent.ThreadPoolExecutor$Worker.run(ThreadPoolExecutor.java:617)
	at java.lang.Thread.run(Thread.java:745)
java.io.IOException: Cannot run program "heroku": CreateProcess error=2, The system cannot find the file specified
	at java.lang.ProcessBuilder.start(ProcessBuilder.java:1048)
	at sbt.SimpleProcessBuilder.run(ProcessImpl.scala:388)
	at sbt.AbstractProcessBuilder.$bang(ProcessImpl.scala:172)
	at sbt.AbstractProcessBuilder.getString(ProcessImpl.scala:145)
	at sbt.AbstractProcessBuilder.$bang$bang(ProcessImpl.scala:148)
	at com.heroku.sbt.Deploy$.getApiKey(Deploy.scala:228)
	at com.heroku.sbt.Deploy$.apply(Deploy.scala:85)
	at com.heroku.sbt.DeployBuilder.deploy(Deploy.scala:49)
	at com.heroku.sbt.HerokuPlugin$autoImport$$anonfun$baseHerokuSettings$1.apply(HerokuPlugin.scala:33)
	at com.heroku.sbt.HerokuPlugin$autoImport$$anonfun$baseHerokuSettings$1.apply(HerokuPlugin.scala:19)
	at scala.Function1$$anonfun$compose$1.apply(Function1.scala:47)
	at sbt.$tilde$greater$$anonfun$$u2219$1.apply(TypeFunctions.scala:42)
	at sbt.std.Transform$$anon$4.work(System.scala:64)
	at sbt.Execute$$anonfun$submit$1$$anonfun$apply$1.apply(Execute.scala:237)
	at sbt.Execute$$anonfun$submit$1$$anonfun$apply$1.apply(Execute.scala:237)
	at sbt.ErrorHandling$.wideConvert(ErrorHandling.scala:18)
	at sbt.Execute.work(Execute.scala:244)
	at sbt.Execute$$anonfun$submit$1.apply(Execute.scala:237)
	at sbt.Execute$$anonfun$submit$1.apply(Execute.scala:237)
	at sbt.ConcurrentRestrictions$$anon$4$$anonfun$1.apply(ConcurrentRestrictions.scala:160)
	at sbt.CompletionService$$anon$2.call(CompletionService.scala:30)
	at java.util.concurrent.FutureTask.run(FutureTask.java:266)
	at java.util.concurrent.Executors$RunnableAdapter.call(Executors.java:511)
	at java.util.concurrent.FutureTask.run(FutureTask.java:266)
	at java.util.concurrent.ThreadPoolExecutor.runWorker(ThreadPoolExecutor.java:1142)
	at java.util.concurrent.ThreadPoolExecutor$Worker.run(ThreadPoolExecutor.java:617)
	at java.lang.Thread.run(Thread.java:745)
Caused by: java.io.IOException: CreateProcess error=2, The system cannot find the file specified
	at java.lang.ProcessImpl.create(Native Method)
	at java.lang.ProcessImpl.<init>(ProcessImpl.java:386)
	at java.lang.ProcessImpl.start(ProcessImpl.java:137)
	at java.lang.ProcessBuilder.start(ProcessBuilder.java:1029)
	at sbt.SimpleProcessBuilder.run(ProcessImpl.scala:388)
	at sbt.AbstractProcessBuilder.$bang(ProcessImpl.scala:172)
	at sbt.AbstractProcessBuilder.getString(ProcessImpl.scala:145)
	at sbt.AbstractProcessBuilder.$bang$bang(ProcessImpl.scala:148)
	at com.heroku.sbt.Deploy$.getApiKey(Deploy.scala:228)
	at com.heroku.sbt.Deploy$.apply(Deploy.scala:85)
	at com.heroku.sbt.DeployBuilder.deploy(Deploy.scala:49)
	at com.heroku.sbt.HerokuPlugin$autoImport$$anonfun$baseHerokuSettings$1.apply(HerokuPlugin.scala:33)
	at com.heroku.sbt.HerokuPlugin$autoImport$$anonfun$baseHerokuSettings$1.apply(HerokuPlugin.scala:19)
	at scala.Function1$$anonfun$compose$1.apply(Function1.scala:47)
	at sbt.$tilde$greater$$anonfun$$u2219$1.apply(TypeFunctions.scala:42)
	at sbt.std.Transform$$anon$4.work(System.scala:64)
	at sbt.Execute$$anonfun$submit$1$$anonfun$apply$1.apply(Execute.scala:237)
	at sbt.Execute$$anonfun$submit$1$$anonfun$apply$1.apply(Execute.scala:237)
	at sbt.ErrorHandling$.wideConvert(ErrorHandling.scala:18)
	at sbt.Execute.work(Execute.scala:244)
	at sbt.Execute$$anonfun$submit$1.apply(Execute.scala:237)
	at sbt.Execute$$anonfun$submit$1.apply(Execute.scala:237)
	at sbt.ConcurrentRestrictions$$anon$4$$anonfun$1.apply(ConcurrentRestrictions.scala:160)
	at sbt.CompletionService$$anon$2.call(CompletionService.scala:30)
	at java.util.concurrent.FutureTask.run(FutureTask.java:266)
	at java.util.concurrent.Executors$RunnableAdapter.call(Executors.java:511)
	at java.util.concurrent.FutureTask.run(FutureTask.java:266)
	at java.util.concurrent.ThreadPoolExecutor.runWorker(ThreadPoolExecutor.java:1142)
	at java.util.concurrent.ThreadPoolExecutor$Worker.run(ThreadPoolExecutor.java:617)
	at java.lang.Thread.run(Thread.java:745)
java.io.IOException: Cannot run program "heroku": CreateProcess error=2, The system cannot find the file specified
	at java.lang.ProcessBuilder.start(ProcessBuilder.java:1048)
	at sbt.SimpleProcessBuilder.run(ProcessImpl.scala:388)
	at sbt.AbstractProcessBuilder.$bang(ProcessImpl.scala:172)
	at sbt.AbstractProcessBuilder.getString(ProcessImpl.scala:145)
	at sbt.AbstractProcessBuilder.$bang$bang(ProcessImpl.scala:148)
	at com.heroku.sbt.Deploy$.getApiKey(Deploy.scala:228)
	at com.heroku.sbt.Deploy$.apply(Deploy.scala:85)
	at com.heroku.sbt.DeployBuilder.deploy(Deploy.scala:49)
	at com.heroku.sbt.HerokuPlugin$autoImport$$anonfun$baseHerokuSettings$1.apply(HerokuPlugin.scala:33)
	at com.heroku.sbt.HerokuPlugin$autoImport$$anonfun$baseHerokuSettings$1.apply(HerokuPlugin.scala:19)
	at scala.Function1$$anonfun$compose$1.apply(Function1.scala:47)
	at sbt.$tilde$greater$$anonfun$$u2219$1.apply(TypeFunctions.scala:42)
	at sbt.std.Transform$$anon$4.work(System.scala:64)
	at sbt.Execute$$anonfun$submit$1$$anonfun$apply$1.apply(Execute.scala:237)
	at sbt.Execute$$anonfun$submit$1$$anonfun$apply$1.apply(Execute.scala:237)
	at sbt.ErrorHandling$.wideConvert(ErrorHandling.scala:18)
	at sbt.Execute.work(Execute.scala:244)
	at sbt.Execute$$anonfun$submit$1.apply(Execute.scala:237)
	at sbt.Execute$$anonfun$submit$1.apply(Execute.scala:237)
	at sbt.ConcurrentRestrictions$$anon$4$$anonfun$1.apply(ConcurrentRestrictions.scala:160)
	at sbt.CompletionService$$anon$2.call(CompletionService.scala:30)
	at java.util.concurrent.FutureTask.run(FutureTask.java:266)
	at java.util.concurrent.Executors$RunnableAdapter.call(Executors.java:511)
	at java.util.concurrent.FutureTask.run(FutureTask.java:266)
	at java.util.concurrent.ThreadPoolExecutor.runWorker(ThreadPoolExecutor.java:1142)
	at java.util.concurrent.ThreadPoolExecutor$Worker.run(ThreadPoolExecutor.java:617)
	at java.lang.Thread.run(Thread.java:745)
Caused by: java.io.IOException: CreateProcess error=2, The system cannot find the file specified
	at java.lang.ProcessImpl.create(Native Method)
	at java.lang.ProcessImpl.<init>(ProcessImpl.java:386)
	at java.lang.ProcessImpl.start(ProcessImpl.java:137)
	at java.lang.ProcessBuilder.start(ProcessBuilder.java:1029)
	at sbt.SimpleProcessBuilder.run(ProcessImpl.scala:388)
	at sbt.AbstractProcessBuilder.$bang(ProcessImpl.scala:172)
	at sbt.AbstractProcessBuilder.getString(ProcessImpl.scala:145)
	at sbt.AbstractProcessBuilder.$bang$bang(ProcessImpl.scala:148)
	at com.heroku.sbt.Deploy$.getApiKey(Deploy.scala:228)
	at com.heroku.sbt.Deploy$.apply(Deploy.scala:85)
	at com.heroku.sbt.DeployBuilder.deploy(Deploy.scala:49)
	at com.heroku.sbt.HerokuPlugin$autoImport$$anonfun$baseHerokuSettings$1.apply(HerokuPlugin.scala:33)
	at com.heroku.sbt.HerokuPlugin$autoImport$$anonfun$baseHerokuSettings$1.apply(HerokuPlugin.scala:19)
	at scala.Function1$$anonfun$compose$1.apply(Function1.scala:47)
	at sbt.$tilde$greater$$anonfun$$u2219$1.apply(TypeFunctions.scala:42)
	at sbt.std.Transform$$anon$4.work(System.scala:64)
	at sbt.Execute$$anonfun$submit$1$$anonfun$apply$1.apply(Execute.scala:237)
	at sbt.Execute$$anonfun$submit$1$$anonfun$apply$1.apply(Execute.scala:237)
	at sbt.ErrorHandling$.wideConvert(ErrorHandling.scala:18)
	at sbt.Execute.work(Execute.scala:244)
	at sbt.Execute$$anonfun$submit$1.apply(Execute.scala:237)
	at sbt.Execute$$anonfun$submit$1.apply(Execute.scala:237)
	at sbt.ConcurrentRestrictions$$anon$4$$anonfun$1.apply(ConcurrentRestrictions.scala:160)
	at sbt.CompletionService$$anon$2.call(CompletionService.scala:30)
	at java.util.concurrent.FutureTask.run(FutureTask.java:266)
	at java.util.concurrent.Executors$RunnableAdapter.call(Executors.java:511)
	at java.util.concurrent.FutureTask.run(FutureTask.java:266)
	at java.util.concurrent.ThreadPoolExecutor.runWorker(ThreadPoolExecutor.java:1142)
	at java.util.concurrent.ThreadPoolExecutor$Worker.run(ThreadPoolExecutor.java:617)
	at java.lang.Thread.run(Thread.java:745)
java.io.IOException: Cannot run program "heroku": CreateProcess error=2, The system cannot find the file specified
	at java.lang.ProcessBuilder.start(ProcessBuilder.java:1048)
	at sbt.SimpleProcessBuilder.run(ProcessImpl.scala:388)
	at sbt.AbstractProcessBuilder.$bang(ProcessImpl.scala:172)
	at sbt.AbstractProcessBuilder.getString(ProcessImpl.scala:145)
	at sbt.AbstractProcessBuilder.$bang$bang(ProcessImpl.scala:148)
	at com.heroku.sbt.Deploy$.getApiKey(Deploy.scala:228)
	at com.heroku.sbt.Deploy$.apply(Deploy.scala:85)
	at com.heroku.sbt.DeployBuilder.deploy(Deploy.scala:49)
	at com.heroku.sbt.HerokuPlugin$autoImport$$anonfun$baseHerokuSettings$1.apply(HerokuPlugin.scala:33)
	at com.heroku.sbt.HerokuPlugin$autoImport$$anonfun$baseHerokuSettings$1.apply(HerokuPlugin.scala:19)
	at scala.Function1$$anonfun$compose$1.apply(Function1.scala:47)
	at sbt.$tilde$greater$$anonfun$$u2219$1.apply(TypeFunctions.scala:42)
	at sbt.std.Transform$$anon$4.work(System.scala:64)
	at sbt.Execute$$anonfun$submit$1$$anonfun$apply$1.apply(Execute.scala:237)
	at sbt.Execute$$anonfun$submit$1$$anonfun$apply$1.apply(Execute.scala:237)
	at sbt.ErrorHandling$.wideConvert(ErrorHandling.scala:18)
	at sbt.Execute.work(Execute.scala:244)
	at sbt.Execute$$anonfun$submit$1.apply(Execute.scala:237)
	at sbt.Execute$$anonfun$submit$1.apply(Execute.scala:237)
	at sbt.ConcurrentRestrictions$$anon$4$$anonfun$1.apply(ConcurrentRestrictions.scala:160)
	at sbt.CompletionService$$anon$2.call(CompletionService.scala:30)
	at java.util.concurrent.FutureTask.run(FutureTask.java:266)
	at java.util.concurrent.Executors$RunnableAdapter.call(Executors.java:511)
	at java.util.concurrent.FutureTask.run(FutureTask.java:266)
	at java.util.concurrent.ThreadPoolExecutor.runWorker(ThreadPoolExecutor.java:1142)
	at java.util.concurrent.ThreadPoolExecutor$Worker.run(ThreadPoolExecutor.java:617)
	at java.lang.Thread.run(Thread.java:745)
Caused by: java.io.IOException: CreateProcess error=2, The system cannot find the file specified
	at java.lang.ProcessImpl.create(Native Method)
	at java.lang.ProcessImpl.<init>(ProcessImpl.java:386)
	at java.lang.ProcessImpl.start(ProcessImpl.java:137)
	at java.lang.ProcessBuilder.start(ProcessBuilder.java:1029)
	at sbt.SimpleProcessBuilder.run(ProcessImpl.scala:388)
	at sbt.AbstractProcessBuilder.$bang(ProcessImpl.scala:172)
	at sbt.AbstractProcessBuilder.getString(ProcessImpl.scala:145)
	at sbt.AbstractProcessBuilder.$bang$bang(ProcessImpl.scala:148)
	at com.heroku.sbt.Deploy$.getApiKey(Deploy.scala:228)
	at com.heroku.sbt.Deploy$.apply(Deploy.scala:85)
	at com.heroku.sbt.DeployBuilder.deploy(Deploy.scala:49)
	at com.heroku.sbt.HerokuPlugin$autoImport$$anonfun$baseHerokuSettings$1.apply(HerokuPlugin.scala:33)
	at com.heroku.sbt.HerokuPlugin$autoImport$$anonfun$baseHerokuSettings$1.apply(HerokuPlugin.scala:19)
	at scala.Function1$$anonfun$compose$1.apply(Function1.scala:47)
	at sbt.$tilde$greater$$anonfun$$u2219$1.apply(TypeFunctions.scala:42)
	at sbt.std.Transform$$anon$4.work(System.scala:64)
	at sbt.Execute$$anonfun$submit$1$$anonfun$apply$1.apply(Execute.scala:237)
	at sbt.Execute$$anonfun$submit$1$$anonfun$apply$1.apply(Execute.scala:237)
	at sbt.ErrorHandling$.wideConvert(ErrorHandling.scala:18)
	at sbt.Execute.work(Execute.scala:244)
	at sbt.Execute$$anonfun$submit$1.apply(Execute.scala:237)
	at sbt.Execute$$anonfun$submit$1.apply(Execute.scala:237)
	at sbt.ConcurrentRestrictions$$anon$4$$anonfun$1.apply(ConcurrentRestrictions.scala:160)
	at sbt.CompletionService$$anon$2.call(CompletionService.scala:30)
	at java.util.concurrent.FutureTask.run(FutureTask.java:266)
	at java.util.concurrent.Executors$RunnableAdapter.call(Executors.java:511)
	at java.util.concurrent.FutureTask.run(FutureTask.java:266)
	at java.util.concurrent.ThreadPoolExecutor.runWorker(ThreadPoolExecutor.java:1142)
	at java.util.concurrent.ThreadPoolExecutor$Worker.run(ThreadPoolExecutor.java:617)
	at java.lang.Thread.run(Thread.java:745)
[error] (bookwitz/compile:deployHeroku) java.io.IOException: Cannot run program "heroku": CreateProcess error=2, The system cannot find the file specified
[error] (books/compile:deployHeroku) java.io.IOException: Cannot run program "heroku": CreateProcess error=2, The system cannot find the file specified
[error] (users/compile:deployHeroku) java.io.IOException: Cannot run program "heroku": CreateProcess error=2, The system cannot find the file specified
[error] (web/compile:deployHeroku) java.io.IOException: Cannot run program "heroku": CreateProcess error=2, The system cannot find the file specified
[error] Total time: 2 s, completed 03/08/2016 2:32:43 PM
